<?xml version="1.0" encoding="UTF-8"?>
<!-- Generated by org.testng.reporters.JUnitReportReporter -->
<testsuite skipped="0" hostname="admin-PC" name="com.gamil.tests.TestGmail" tests="1" failures="0" timestamp="29 Nov 2018 10:08:06 GMT" time="26.477" errors="0">
  <testcase name="signIn" time="26.477" classname="com.gamil.tests.TestGmail"/>
</testsuite> <!-- com.gamil.tests.TestGmail -->
